2025-05-29 19:40:12 [main] INFO  Log - Starting WebDriver....
2025-05-29 19:42:44 [main] INFO  Log - Navigating to URL...
2025-05-29 19:42:45 [main] INFO  Log - Starting login test...
2025-05-29 19:42:45 [main] INFO  Log - Adding credentials...
2025-05-29 19:42:46 [main] INFO  Log - Verifying page title...
2025-05-29 19:42:46 [main] INFO  Log - Login test completed
2025-05-29 19:42:46 [main] INFO  Log - Closing Browser...
2025-05-31 14:18:03 [main] INFO  Log - Starting WebDriver....
2025-05-31 14:18:06 [main] INFO  Log - Starting WebDriver....
2025-05-31 14:18:12 [main] INFO  Log - Navigating to URL...
2025-05-31 14:18:13 [main] INFO  Log - Navigating to URL...
2025-05-31 14:18:14 [main] INFO  Log - Starting login test...
2025-05-31 14:18:14 [main] INFO  Log - Adding credentials...
2025-05-31 14:18:14 [main] INFO  Log - Starting login test...
2025-05-31 14:18:14 [main] INFO  Log - Adding credentials...
2025-05-31 14:18:15 [main] INFO  Log - Closing Browser...
2025-05-31 14:18:15 [main] INFO  Log - Closing Browser...
2025-05-31 14:18:30 [main] INFO  Log - Starting WebDriver....
2025-05-31 14:18:33 [main] INFO  Log - Navigating to URL...
2025-05-31 14:18:34 [main] INFO  Log - Starting login test...
2025-05-31 14:18:34 [main] INFO  Log - Adding credentials...
2025-05-31 14:18:35 [main] INFO  Log - Closing Browser...
2025-05-31 14:28:36 [main] INFO  Log - Starting WebDriver....
2025-05-31 14:28:39 [main] INFO  Log - Navigating to URL...
2025-05-31 14:28:41 [main] INFO  Log - Starting login test...
2025-05-31 14:28:41 [main] INFO  Log - Adding credentials...
2025-05-31 14:28:41 [main] INFO  Log - Closing Browser...
2025-05-31 14:34:15 [main] INFO  Log - Starting WebDriver....
2025-05-31 14:34:19 [main] INFO  Log - Navigating to URL...
2025-05-31 14:34:20 [main] INFO  Log - Starting login test...
2025-05-31 14:34:20 [main] INFO  Log - Adding credentials...
2025-05-31 14:34:21 [main] INFO  Log - Closing Browser...
2025-06-01 12:56:33 [main] INFO  Log - Starting WebDriver....
2025-06-01 12:56:37 [main] INFO  Log - Navigating to URL...
2025-06-01 12:56:38 [main] INFO  Log - Starting login test...
2025-06-01 12:56:38 [main] INFO  Log - Adding credentials...
2025-06-01 12:56:39 [main] INFO  Log - Closing Browser...
2025-06-01 13:00:31 [main] INFO  Log - Starting WebDriver....
2025-06-01 13:00:35 [main] INFO  Log - Navigating to URL...
2025-06-01 13:00:36 [main] INFO  Log - Starting login test...
2025-06-01 13:00:36 [main] INFO  Log - Adding credentials...
2025-06-01 13:00:38 [main] INFO  Log - Verifying page title...
2025-06-01 13:00:38 [main] INFO  Log - Closing Browser...
2025-06-01 14:14:39 [main] INFO  Log - Starting WebDriver....
2025-06-01 14:14:43 [main] INFO  Log - Navigating to URL...
2025-06-01 14:14:44 [main] INFO  Log - Starting login test...
2025-06-01 14:14:44 [main] INFO  Log - Adding credentials...
2025-06-01 14:14:45 [main] INFO  Log - Verifying page title...
2025-06-01 14:14:45 [main] INFO  Log - Closing Browser...
2025-06-01 14:33:12 [main] INFO  Log - Starting WebDriver....
2025-06-01 14:33:14 [main] INFO  Log - Navigating to URL...
2025-06-01 14:33:15 [main] INFO  Log - Starting login test...
2025-06-01 14:33:15 [main] INFO  Log - Adding credentials...
2025-06-01 14:33:16 [main] INFO  Log - Verifying page title...
2025-06-01 14:33:16 [main] INFO  Log - Closing Browser...
2025-06-01 14:38:54 [main] INFO  Log - Starting WebDriver....
2025-06-01 14:38:56 [main] INFO  Log - Navigating to URL...
2025-06-01 14:38:58 [main] INFO  Log - Starting login test...
2025-06-01 14:38:58 [main] INFO  Log - Adding credentials...
2025-06-01 14:38:58 [main] INFO  Log - Verifying page title...
2025-06-01 14:38:59 [main] INFO  Log - Closing Browser...
2025-06-01 14:38:59 [main] INFO  Log - Starting WebDriver....
2025-06-01 14:39:00 [main] INFO  Log - Navigating to URL...
2025-06-01 14:39:02 [main] INFO  Log - Starting login test...
2025-06-01 14:39:02 [main] INFO  Log - Adding credentials...
2025-06-01 14:39:02 [main] INFO  Log - Verifying page title...
2025-06-01 14:39:02 [main] INFO  Log - Closing Browser...
2025-06-01 14:40:11 [main] INFO  Log - Starting WebDriver....
2025-06-01 14:40:13 [main] INFO  Log - Navigating to URL...
2025-06-01 14:40:14 [main] INFO  Log - Starting login test...
2025-06-01 14:40:14 [main] INFO  Log - Adding credentials...
2025-06-01 14:40:14 [main] INFO  Log - Verifying page title...
2025-06-01 14:40:14 [main] INFO  Log - Closing Browser...
2025-06-01 14:40:15 [main] INFO  Log - Starting WebDriver....
2025-06-01 14:40:16 [main] INFO  Log - Navigating to URL...
2025-06-01 14:40:18 [main] INFO  Log - Starting login test...
2025-06-01 14:40:18 [main] INFO  Log - Adding credentials...
2025-06-01 14:40:19 [main] INFO  Log - Verifying page title...
2025-06-01 14:40:19 [main] INFO  Log - Closing Browser...
2025-06-01 14:41:47 [main] INFO  Log - Starting WebDriver....
2025-06-01 14:41:49 [main] INFO  Log - Navigating to URL...
2025-06-01 14:41:49 [main] INFO  Log - Starting login test...
2025-06-01 14:41:49 [main] INFO  Log - Adding credentials...
2025-06-01 14:41:50 [main] INFO  Log - Verifying page title...
2025-06-01 14:41:50 [main] INFO  Log - Closing Browser...
2025-06-01 14:41:51 [main] INFO  Log - Starting WebDriver....
2025-06-01 14:41:52 [main] INFO  Log - Navigating to URL...
2025-06-01 14:41:53 [main] INFO  Log - Starting login test...
2025-06-01 14:41:53 [main] INFO  Log - Adding credentials...
2025-06-01 14:41:53 [main] INFO  Log - Verifying page title...
2025-06-01 14:41:53 [main] INFO  Log - Closing Browser...
2025-06-02 15:14:59 [main] INFO  Log - Starting WebDriver....
2025-06-02 15:15:04 [main] INFO  Log - Navigating to URL...
2025-06-02 15:15:06 [main] INFO  Log - Starting login test...
2025-06-02 15:15:06 [main] INFO  Log - Adding credentials...
2025-06-02 15:15:09 [main] INFO  Log - Verifying page title...
2025-06-02 15:15:09 [main] INFO  Log - Closing Browser...
2025-06-02 20:55:48 [main] INFO  Log - Starting WebDriver....
2025-06-02 20:56:06 [main] INFO  Log - Navigating to URL...
2025-06-02 20:56:08 [main] INFO  Log - Starting login test...
2025-06-02 20:56:08 [main] INFO  Log - Adding credentials...
2025-06-02 20:56:09 [main] INFO  Log - Verifying page title...
2025-06-02 20:56:09 [main] INFO  Log - Closing Browser...
2025-06-02 20:56:10 [main] INFO  Log - Starting WebDriver....
2025-06-02 20:56:12 [main] INFO  Log - Navigating to URL...
2025-06-02 20:56:12 [main] INFO  Log - Starting login test...
2025-06-02 20:56:12 [main] INFO  Log - Adding credentials...
2025-06-02 20:56:13 [main] INFO  Log - Verifying page title...
2025-06-02 20:56:13 [main] INFO  Log - Closing Browser...
2025-06-02 20:56:14 [main] INFO  Log - Starting WebDriver....
2025-06-02 20:56:16 [main] INFO  Log - Navigating to URL...
2025-06-02 20:56:17 [main] INFO  Log - Starting login test...
2025-06-02 20:56:17 [main] INFO  Log - Adding credentials...
2025-06-02 20:56:18 [main] INFO  Log - Verifying page title...
2025-06-02 20:56:19 [main] INFO  Log - Closing Browser...
2025-06-02 21:15:28 [main] INFO  Log - Starting WebDriver....
2025-06-02 21:15:30 [main] INFO  Log - Navigating to URL...
2025-06-02 21:15:33 [main] INFO  Log - Starting login test...
2025-06-02 21:15:33 [main] INFO  Log - Adding credentials...
2025-06-02 21:15:33 [main] INFO  Log - Verifying page title...
2025-06-02 21:15:34 [main] INFO  Log - Closing Browser...
2025-06-02 21:15:34 [main] INFO  Log - Starting WebDriver....
2025-06-02 21:15:36 [main] INFO  Log - Navigating to URL...
2025-06-02 21:15:39 [main] INFO  Log - Starting login test...
2025-06-02 21:15:39 [main] INFO  Log - Adding credentials...
2025-06-02 21:15:40 [main] INFO  Log - Verifying page title...
2025-06-02 21:15:40 [main] INFO  Log - Closing Browser...
2025-06-02 21:15:41 [main] INFO  Log - Starting WebDriver....
2025-06-02 21:15:43 [main] INFO  Log - Navigating to URL...
2025-06-02 21:15:45 [main] INFO  Log - Starting login test...
2025-06-02 21:15:45 [main] INFO  Log - Adding credentials...
2025-06-02 21:15:46 [main] INFO  Log - Verifying page title...
2025-06-02 21:15:47 [main] INFO  Log - Login test completed
2025-06-02 21:15:47 [main] INFO  Log - Closing Browser...
2025-06-03 18:23:06 [main] INFO  Log - Starting WebDriver....
2025-06-03 18:23:10 [main] INFO  Log - Navigating to URL...
2025-06-03 18:23:12 [main] INFO  Log - Starting login test...
2025-06-03 18:23:12 [main] INFO  Log - Adding credentials...
2025-06-03 18:23:12 [main] INFO  Log - Verifying page title...
2025-06-03 18:23:13 [main] INFO  Log - Closing Browser...
2025-06-03 18:23:13 [main] INFO  Log - Starting WebDriver....
2025-06-03 18:23:14 [main] INFO  Log - Navigating to URL...
2025-06-03 18:23:15 [main] INFO  Log - Starting login test...
2025-06-03 18:23:15 [main] INFO  Log - Adding credentials...
2025-06-03 18:23:16 [main] INFO  Log - Verifying page title...
2025-06-03 18:23:16 [main] INFO  Log - Closing Browser...
2025-06-03 18:23:16 [main] INFO  Log - Starting WebDriver....
2025-06-03 18:23:17 [main] INFO  Log - Navigating to URL...
2025-06-03 18:23:22 [main] INFO  Log - Starting login test...
2025-06-03 18:23:22 [main] INFO  Log - Adding credentials...
2025-06-03 18:23:23 [main] INFO  Log - Verifying page title...
2025-06-03 18:23:23 [main] INFO  Log - Closing Browser...
2025-06-03 19:32:06 [main] INFO  Log - Starting WebDriver....
2025-06-03 19:32:09 [main] INFO  Log - Navigating to URL...
2025-06-03 19:32:11 [main] INFO  Log - Starting login test...
2025-06-03 19:32:11 [main] INFO  Log - Adding credentials...
2025-06-03 19:32:12 [main] INFO  Log - Verifying page title...
2025-06-03 19:32:12 [main] INFO  Log - Closing Browser...
